<?xml version="1.0" encoding="UTF-8"?>
<testsuite name="com.codegym.cms.service.impl.ProvinceServiceImplTest" tests="6" skipped="0" failures="0" errors="0" timestamp="2020-08-24T08:45:55" hostname="DROVENGERS-LAPT" time="0.011">
  <properties/>
  <testcase name="findAll_0Customer()" classname="com.codegym.cms.service.impl.ProvinceServiceImplTest" time="0.001"/>
  <testcase name="remove()" classname="com.codegym.cms.service.impl.ProvinceServiceImplTest" time="0.001"/>
  <testcase name="findById_NotFound()" classname="com.codegym.cms.service.impl.ProvinceServiceImplTest" time="0.001"/>
  <testcase name="save()" classname="com.codegym.cms.service.impl.ProvinceServiceImplTest" time="0.002"/>
  <testcase name="findById_Found()" classname="com.codegym.cms.service.impl.ProvinceServiceImplTest" time="0.001"/>
  <testcase name="findAll_1Customer()" classname="com.codegym.cms.service.impl.ProvinceServiceImplTest" time="0.001"/>
  <system-out><![CDATA[]]></system-out>
  <system-err><![CDATA[]]></system-err>
</testsuite>
