<?xml version="1.0" encoding="UTF-8"?>
<testsuite name="com.codegym.cms.service.impl.CustomerServiceImplTest" tests="9" skipped="0" failures="0" errors="0" timestamp="2020-08-24T08:45:55" hostname="DROVENGERS-LAPT" time="0.018">
  <properties/>
  <testcase name="findAllByFirstNameContaining_1Customer()" classname="com.codegym.cms.service.impl.CustomerServiceImplTest" time="0.002"/>
  <testcase name="findAll_0customer()" classname="com.codegym.cms.service.impl.CustomerServiceImplTest" time="0.001"/>
  <testcase name="remove()" classname="com.codegym.cms.service.impl.CustomerServiceImplTest" time="0.002"/>
  <testcase name="findById_NotFound()" classname="com.codegym.cms.service.impl.CustomerServiceImplTest" time="0.002"/>
  <testcase name="findAllByProvince()" classname="com.codegym.cms.service.impl.CustomerServiceImplTest" time="0.001"/>
  <testcase name="save()" classname="com.codegym.cms.service.impl.CustomerServiceImplTest" time="0.001"/>
  <testcase name="findAllByFirstNameContaining_0Customer()" classname="com.codegym.cms.service.impl.CustomerServiceImplTest" time="0.002"/>
  <testcase name="findById_Found()" classname="com.codegym.cms.service.impl.CustomerServiceImplTest" time="0.001"/>
  <testcase name="findAll_1customer()" classname="com.codegym.cms.service.impl.CustomerServiceImplTest" time="0.001"/>
  <system-out><![CDATA[]]></system-out>
  <system-err><![CDATA[]]></system-err>
</testsuite>
